[0.164s] DEBUG:colcon:Command line arguments: ['/usr/bin/colcon', 'build', '--symlink-install']
[0.164s] DEBUG:colcon:Parsed command line arguments: Namespace(log_base=None, log_level=None, verb_name='build', build_base='build', install_base='install', merge_install=False, symlink_install=True, test_result_base=None, continue_on_error=False, executor='parallel', parallel_workers=8, event_handlers=None, ignore_user_meta=False, metas=['./colcon.meta'], base_paths=['.'], packages_ignore=None, packages_ignore_regex=None, paths=None, packages_up_to=None, packages_up_to_regex=None, packages_above=None, packages_above_and_dependencies=None, packages_above_depth=None, packages_select_by_dep=None, packages_skip_by_dep=None, packages_skip_up_to=None, packages_select_build_failed=False, packages_skip_build_finished=False, packages_select_test_failures=False, packages_skip_test_passed=False, packages_select=None, packages_skip=None, packages_select_regex=None, packages_skip_regex=None, packages_start=None, packages_end=None, allow_overriding=[], cmake_args=None, cmake_target=None, cmake_target_skip_unavailable=False, cmake_clean_cache=False, cmake_clean_first=False, cmake_force_configure=False, ament_cmake_args=None, catkin_cmake_args=None, catkin_skip_building_tests=False, mixin_files=None, mixin=None, verb_parser=<colcon_mixin.mixin.mixin_argument.MixinArgumentDecorator object at 0x7f692b7a2fb0>, verb_extension=<colcon_core.verb.build.BuildVerb object at 0x7f692b8b7cd0>, main=<bound method BuildVerb.main of <colcon_core.verb.build.BuildVerb object at 0x7f692b8b7cd0>>, mixin_verb=('build',))
[0.212s] Level 1:colcon.colcon_core.package_discovery:discover_packages(colcon_meta) check parameters
[0.212s] Level 1:colcon.colcon_core.package_discovery:discover_packages(recursive) check parameters
[0.212s] Level 1:colcon.colcon_core.package_discovery:discover_packages(ignore) check parameters
[0.212s] Level 1:colcon.colcon_core.package_discovery:discover_packages(path) check parameters
[0.212s] Level 1:colcon.colcon_core.package_discovery:discover_packages(colcon_meta) discover
[0.212s] Level 1:colcon.colcon_core.package_discovery:discover_packages(recursive) discover
[0.212s] INFO:colcon.colcon_core.package_discovery:Crawling recursively for packages in '/users/956024/ir/ros'
[0.213s] Level 1:colcon.colcon_core.package_identification:_identify(.) by extensions ['ignore', 'ignore_ament_install']
[0.213s] Level 1:colcon.colcon_core.package_identification:_identify(.) by extension 'ignore'
[0.213s] Level 1:colcon.colcon_core.package_identification:_identify(.) by extension 'ignore_ament_install'
[0.213s] Level 1:colcon.colcon_core.package_identification:_identify(.) by extensions ['colcon_pkg']
[0.213s] Level 1:colcon.colcon_core.package_identification:_identify(.) by extension 'colcon_pkg'
[0.213s] Level 1:colcon.colcon_core.package_identification:_identify(.) by extensions ['colcon_meta']
[0.213s] Level 1:colcon.colcon_core.package_identification:_identify(.) by extension 'colcon_meta'
[0.213s] Level 1:colcon.colcon_core.package_identification:_identify(.) by extensions ['ros']
[0.213s] Level 1:colcon.colcon_core.package_identification:_identify(.) by extension 'ros'
[0.233s] Level 1:colcon.colcon_core.package_identification:_identify(.) by extensions ['cmake', 'python']
[0.233s] Level 1:colcon.colcon_core.package_identification:_identify(.) by extension 'cmake'
[0.233s] Level 1:colcon.colcon_core.package_identification:_identify(.) by extension 'python'
[0.233s] Level 1:colcon.colcon_core.package_identification:_identify(.) by extensions ['python_setup_py']
[0.233s] Level 1:colcon.colcon_core.package_identification:_identify(.) by extension 'python_setup_py'
[0.234s] Level 1:colcon.colcon_core.package_identification:_identify(build) by extensions ['ignore', 'ignore_ament_install']
[0.234s] Level 1:colcon.colcon_core.package_identification:_identify(build) by extension 'ignore'
[0.234s] Level 1:colcon.colcon_core.package_identification:_identify(build) ignored
[0.234s] Level 1:colcon.colcon_core.package_identification:_identify(install) by extensions ['ignore', 'ignore_ament_install']
[0.234s] Level 1:colcon.colcon_core.package_identification:_identify(install) by extension 'ignore'
[0.234s] Level 1:colcon.colcon_core.package_identification:_identify(install) ignored
[0.234s] Level 1:colcon.colcon_core.package_identification:_identify(log) by extensions ['ignore', 'ignore_ament_install']
[0.234s] Level 1:colcon.colcon_core.package_identification:_identify(log) by extension 'ignore'
[0.235s] Level 1:colcon.colcon_core.package_identification:_identify(log) ignored
[0.235s] Level 1:colcon.colcon_core.package_identification:_identify(src) by extensions ['ignore', 'ignore_ament_install']
[0.235s] Level 1:colcon.colcon_core.package_identification:_identify(src) by extension 'ignore'
[0.235s] Level 1:colcon.colcon_core.package_identification:_identify(src) by extension 'ignore_ament_install'
[0.235s] Level 1:colcon.colcon_core.package_identification:_identify(src) by extensions ['colcon_pkg']
[0.235s] Level 1:colcon.colcon_core.package_identification:_identify(src) by extension 'colcon_pkg'
[0.235s] Level 1:colcon.colcon_core.package_identification:_identify(src) by extensions ['colcon_meta']
[0.235s] Level 1:colcon.colcon_core.package_identification:_identify(src) by extension 'colcon_meta'
[0.235s] Level 1:colcon.colcon_core.package_identification:_identify(src) by extensions ['ros']
[0.235s] Level 1:colcon.colcon_core.package_identification:_identify(src) by extension 'ros'
[0.235s] Level 1:colcon.colcon_core.package_identification:_identify(src) by extensions ['cmake', 'python']
[0.235s] Level 1:colcon.colcon_core.package_identification:_identify(src) by extension 'cmake'
[0.235s] Level 1:colcon.colcon_core.package_identification:_identify(src) by extension 'python'
[0.235s] Level 1:colcon.colcon_core.package_identification:_identify(src) by extensions ['python_setup_py']
[0.235s] Level 1:colcon.colcon_core.package_identification:_identify(src) by extension 'python_setup_py'
[0.235s] Level 1:colcon.colcon_core.package_identification:_identify(src/odom2pose) by extensions ['ignore', 'ignore_ament_install']
[0.236s] Level 1:colcon.colcon_core.package_identification:_identify(src/odom2pose) by extension 'ignore'
[0.236s] Level 1:colcon.colcon_core.package_identification:_identify(src/odom2pose) by extension 'ignore_ament_install'
[0.236s] Level 1:colcon.colcon_core.package_identification:_identify(src/odom2pose) by extensions ['colcon_pkg']
[0.236s] Level 1:colcon.colcon_core.package_identification:_identify(src/odom2pose) by extension 'colcon_pkg'
[0.236s] Level 1:colcon.colcon_core.package_identification:_identify(src/odom2pose) by extensions ['colcon_meta']
[0.236s] Level 1:colcon.colcon_core.package_identification:_identify(src/odom2pose) by extension 'colcon_meta'
[0.236s] Level 1:colcon.colcon_core.package_identification:_identify(src/odom2pose) by extensions ['ros']
[0.236s] Level 1:colcon.colcon_core.package_identification:_identify(src/odom2pose) by extension 'ros'
[0.239s] DEBUG:colcon.colcon_core.package_identification:Package 'src/odom2pose' with type 'ros.ament_python' and name 'odom2pose'
[0.239s] Level 1:colcon.colcon_core.package_identification:_identify(src/wall_following) by extensions ['ignore', 'ignore_ament_install']
[0.239s] Level 1:colcon.colcon_core.package_identification:_identify(src/wall_following) by extension 'ignore'
[0.240s] Level 1:colcon.colcon_core.package_identification:_identify(src/wall_following) by extension 'ignore_ament_install'
[0.240s] Level 1:colcon.colcon_core.package_identification:_identify(src/wall_following) by extensions ['colcon_pkg']
[0.240s] Level 1:colcon.colcon_core.package_identification:_identify(src/wall_following) by extension 'colcon_pkg'
[0.240s] Level 1:colcon.colcon_core.package_identification:_identify(src/wall_following) by extensions ['colcon_meta']
[0.240s] Level 1:colcon.colcon_core.package_identification:_identify(src/wall_following) by extension 'colcon_meta'
[0.240s] Level 1:colcon.colcon_core.package_identification:_identify(src/wall_following) by extensions ['ros']
[0.240s] Level 1:colcon.colcon_core.package_identification:_identify(src/wall_following) by extension 'ros'
[0.241s] DEBUG:colcon.colcon_core.package_identification:Package 'src/wall_following' with type 'ros.ament_python' and name 'wall_following'
[0.241s] Level 1:colcon.colcon_core.package_discovery:discover_packages(recursive) using defaults
[0.241s] Level 1:colcon.colcon_core.package_discovery:discover_packages(ignore) discover
[0.241s] Level 1:colcon.colcon_core.package_discovery:discover_packages(ignore) using defaults
[0.241s] Level 1:colcon.colcon_core.package_discovery:discover_packages(path) discover
[0.241s] Level 1:colcon.colcon_core.package_discovery:discover_packages(path) using defaults
[0.268s] Level 1:colcon.colcon_core.package_discovery:discover_packages(prefix_path) check parameters
[0.268s] Level 1:colcon.colcon_core.package_discovery:discover_packages(prefix_path) discover
[0.270s] DEBUG:colcon.colcon_installed_package_information.package_discovery:Found 1 installed packages in /users/956024/ir/ros/install
[0.271s] DEBUG:colcon.colcon_installed_package_information.package_discovery:Found 33 installed packages in /opt/rsait_pkgs
[0.272s] DEBUG:colcon.colcon_installed_package_information.package_discovery:Found 310 installed packages in /opt/ros/humble
[0.274s] Level 1:colcon.colcon_core.package_discovery:discover_packages(prefix_path) using defaults
[0.333s] Level 5:colcon.colcon_core.verb:set package 'odom2pose' build argument 'cmake_args' from command line to 'None'
[0.333s] Level 5:colcon.colcon_core.verb:set package 'odom2pose' build argument 'cmake_target' from command line to 'None'
[0.333s] Level 5:colcon.colcon_core.verb:set package 'odom2pose' build argument 'cmake_target_skip_unavailable' from command line to 'False'
[0.333s] Level 5:colcon.colcon_core.verb:set package 'odom2pose' build argument 'cmake_clean_cache' from command line to 'False'
[0.333s] Level 5:colcon.colcon_core.verb:set package 'odom2pose' build argument 'cmake_clean_first' from command line to 'False'
[0.333s] Level 5:colcon.colcon_core.verb:set package 'odom2pose' build argument 'cmake_force_configure' from command line to 'False'
[0.333s] Level 5:colcon.colcon_core.verb:set package 'odom2pose' build argument 'ament_cmake_args' from command line to 'None'
[0.333s] Level 5:colcon.colcon_core.verb:set package 'odom2pose' build argument 'catkin_cmake_args' from command line to 'None'
[0.333s] Level 5:colcon.colcon_core.verb:set package 'odom2pose' build argument 'catkin_skip_building_tests' from command line to 'False'
[0.333s] DEBUG:colcon.colcon_core.verb:Building package 'odom2pose' with the following arguments: {'ament_cmake_args': None, 'build_base': '/users/956024/ir/ros/build/odom2pose', 'catkin_cmake_args': None, 'catkin_skip_building_tests': False, 'cmake_args': None, 'cmake_clean_cache': False, 'cmake_clean_first': False, 'cmake_force_configure': False, 'cmake_target': None, 'cmake_target_skip_unavailable': False, 'install_base': '/users/956024/ir/ros/install/odom2pose', 'merge_install': False, 'path': '/users/956024/ir/ros/src/odom2pose', 'symlink_install': True, 'test_result_base': None}
[0.334s] Level 5:colcon.colcon_core.verb:set package 'wall_following' build argument 'cmake_args' from command line to 'None'
[0.334s] Level 5:colcon.colcon_core.verb:set package 'wall_following' build argument 'cmake_target' from command line to 'None'
[0.334s] Level 5:colcon.colcon_core.verb:set package 'wall_following' build argument 'cmake_target_skip_unavailable' from command line to 'False'
[0.334s] Level 5:colcon.colcon_core.verb:set package 'wall_following' build argument 'cmake_clean_cache' from command line to 'False'
[0.334s] Level 5:colcon.colcon_core.verb:set package 'wall_following' build argument 'cmake_clean_first' from command line to 'False'
[0.334s] Level 5:colcon.colcon_core.verb:set package 'wall_following' build argument 'cmake_force_configure' from command line to 'False'
[0.334s] Level 5:colcon.colcon_core.verb:set package 'wall_following' build argument 'ament_cmake_args' from command line to 'None'
[0.334s] Level 5:colcon.colcon_core.verb:set package 'wall_following' build argument 'catkin_cmake_args' from command line to 'None'
[0.334s] Level 5:colcon.colcon_core.verb:set package 'wall_following' build argument 'catkin_skip_building_tests' from command line to 'False'
[0.334s] DEBUG:colcon.colcon_core.verb:Building package 'wall_following' with the following arguments: {'ament_cmake_args': None, 'build_base': '/users/956024/ir/ros/build/wall_following', 'catkin_cmake_args': None, 'catkin_skip_building_tests': False, 'cmake_args': None, 'cmake_clean_cache': False, 'cmake_clean_first': False, 'cmake_force_configure': False, 'cmake_target': None, 'cmake_target_skip_unavailable': False, 'install_base': '/users/956024/ir/ros/install/wall_following', 'merge_install': False, 'path': '/users/956024/ir/ros/src/wall_following', 'symlink_install': True, 'test_result_base': None}
[0.335s] INFO:colcon.colcon_core.executor:Executing jobs using 'parallel' executor
[0.336s] DEBUG:colcon.colcon_parallel_executor.executor.parallel:run_until_complete
[0.336s] INFO:colcon.colcon_ros.task.ament_python.build:Building ROS package in '/users/956024/ir/ros/src/odom2pose' with build type 'ament_python'
[0.337s] Level 1:colcon.colcon_core.shell:create_environment_hook('odom2pose', 'ament_prefix_path')
[0.339s] INFO:colcon.colcon_core.plugin_system:Skipping extension 'colcon_core.shell.bat': Not used on non-Windows systems
[0.339s] INFO:colcon.colcon_core.shell:Creating environment hook '/users/956024/ir/ros/install/odom2pose/share/odom2pose/hook/ament_prefix_path.ps1'
[0.340s] INFO:colcon.colcon_core.shell:Creating environment descriptor '/users/956024/ir/ros/install/odom2pose/share/odom2pose/hook/ament_prefix_path.dsv'
[0.340s] INFO:colcon.colcon_core.shell:Creating environment hook '/users/956024/ir/ros/install/odom2pose/share/odom2pose/hook/ament_prefix_path.sh'
[0.341s] INFO:colcon.colcon_core.shell:Skip shell extension 'powershell' for command environment: Not usable outside of PowerShell
[0.341s] DEBUG:colcon.colcon_core.shell:Skip shell extension 'dsv' for command environment
[0.345s] INFO:colcon.colcon_ros.task.ament_python.build:Building ROS package in '/users/956024/ir/ros/src/wall_following' with build type 'ament_python'
[0.346s] Level 1:colcon.colcon_core.shell:create_environment_hook('wall_following', 'ament_prefix_path')
[0.346s] INFO:colcon.colcon_core.shell:Creating environment hook '/users/956024/ir/ros/install/wall_following/share/wall_following/hook/ament_prefix_path.ps1'
[0.347s] INFO:colcon.colcon_core.shell:Creating environment descriptor '/users/956024/ir/ros/install/wall_following/share/wall_following/hook/ament_prefix_path.dsv'
[0.347s] INFO:colcon.colcon_core.shell:Creating environment hook '/users/956024/ir/ros/install/wall_following/share/wall_following/hook/ament_prefix_path.sh'
[0.348s] INFO:colcon.colcon_core.shell:Skip shell extension 'powershell' for command environment: Not usable outside of PowerShell
[0.348s] DEBUG:colcon.colcon_core.shell:Skip shell extension 'dsv' for command environment
[0.711s] INFO:colcon.colcon_core.task.python.build:Building Python package in '/users/956024/ir/ros/src/odom2pose'
[0.712s] INFO:colcon.colcon_core.shell:Skip shell extension 'powershell' for command environment: Not usable outside of PowerShell
[0.712s] DEBUG:colcon.colcon_core.shell:Skip shell extension 'dsv' for command environment
[1.076s] INFO:colcon.colcon_core.task.python.build:Building Python package in '/users/956024/ir/ros/src/wall_following'
[1.077s] INFO:colcon.colcon_core.shell:Skip shell extension 'powershell' for command environment: Not usable outside of PowerShell
[1.077s] DEBUG:colcon.colcon_core.shell:Skip shell extension 'dsv' for command environment
[2.366s] DEBUG:colcon.colcon_core.event_handler.log_command:Invoking command in '/users/956024/ir/ros/build/wall_following': PYTHONPATH=/users/956024/ir/ros/build/wall_following/prefix_override:/usr/lib/python3/dist-packages/colcon_core/task/python/colcon_distutils_commands:/users/956024/ir/ros/install/wall_following/lib/python3.10/site-packages:${PYTHONPATH} /usr/bin/python3 -W ignore:setup.py install is deprecated setup.py develop --editable --build-directory /users/956024/ir/ros/build/wall_following/build --no-deps symlink_data
[2.419s] DEBUG:colcon.colcon_core.event_handler.log_command:Invoking command in '/users/956024/ir/ros/build/odom2pose': PYTHONPATH=/users/956024/ir/ros/build/odom2pose/prefix_override:/usr/lib/python3/dist-packages/colcon_core/task/python/colcon_distutils_commands:/users/956024/ir/ros/install/odom2pose/lib/python3.10/site-packages:${PYTHONPATH} /usr/bin/python3 -W ignore:setup.py install is deprecated setup.py develop --editable --build-directory /users/956024/ir/ros/build/odom2pose/build --no-deps symlink_data
[3.889s] Level 1:colcon.colcon_core.shell:create_environment_hook('wall_following', 'pythonpath_develop')
[3.890s] INFO:colcon.colcon_core.shell:Creating environment hook '/users/956024/ir/ros/build/wall_following/share/wall_following/hook/pythonpath_develop.ps1'
[3.890s] DEBUG:colcon.colcon_core.event_handler.log_command:Invoked command in '/users/956024/ir/ros/build/wall_following' returned '0': PYTHONPATH=/users/956024/ir/ros/build/wall_following/prefix_override:/usr/lib/python3/dist-packages/colcon_core/task/python/colcon_distutils_commands:/users/956024/ir/ros/install/wall_following/lib/python3.10/site-packages:${PYTHONPATH} /usr/bin/python3 -W ignore:setup.py install is deprecated setup.py develop --editable --build-directory /users/956024/ir/ros/build/wall_following/build --no-deps symlink_data
[3.891s] INFO:colcon.colcon_core.shell:Creating environment descriptor '/users/956024/ir/ros/build/wall_following/share/wall_following/hook/pythonpath_develop.dsv'
[3.891s] INFO:colcon.colcon_core.shell:Creating environment hook '/users/956024/ir/ros/build/wall_following/share/wall_following/hook/pythonpath_develop.sh'
[3.894s] Level 1:colcon.colcon_core.environment:checking '/users/956024/ir/ros/install/wall_following' for CMake module files
[3.895s] Level 1:colcon.colcon_core.environment:checking '/users/956024/ir/ros/install/wall_following' for CMake config files
[3.895s] Level 1:colcon.colcon_core.environment:checking '/users/956024/ir/ros/install/wall_following/lib'
[3.896s] Level 1:colcon.colcon_core.environment:checking '/users/956024/ir/ros/install/wall_following/bin'
[3.896s] Level 1:colcon.colcon_core.environment:checking '/users/956024/ir/ros/install/wall_following/lib/pkgconfig/wall_following.pc'
[3.896s] Level 1:colcon.colcon_core.environment:checking '/users/956024/ir/ros/install/wall_following/lib/python3.10/site-packages'
[3.896s] Level 1:colcon.colcon_core.shell:create_environment_hook('wall_following', 'pythonpath')
[3.897s] INFO:colcon.colcon_core.shell:Creating environment hook '/users/956024/ir/ros/install/wall_following/share/wall_following/hook/pythonpath.ps1'
[3.897s] INFO:colcon.colcon_core.shell:Creating environment descriptor '/users/956024/ir/ros/install/wall_following/share/wall_following/hook/pythonpath.dsv'
[3.898s] INFO:colcon.colcon_core.shell:Creating environment hook '/users/956024/ir/ros/install/wall_following/share/wall_following/hook/pythonpath.sh'
[3.898s] Level 1:colcon.colcon_core.environment:checking '/users/956024/ir/ros/install/wall_following/bin'
[3.898s] Level 1:colcon.colcon_core.environment:create_environment_scripts_only(wall_following)
[3.899s] INFO:colcon.colcon_core.shell:Creating package script '/users/956024/ir/ros/install/wall_following/share/wall_following/package.ps1'
[3.900s] INFO:colcon.colcon_core.shell:Creating package descriptor '/users/956024/ir/ros/install/wall_following/share/wall_following/package.dsv'
[3.901s] INFO:colcon.colcon_core.shell:Creating package script '/users/956024/ir/ros/install/wall_following/share/wall_following/package.sh'
[3.902s] INFO:colcon.colcon_core.shell:Creating package script '/users/956024/ir/ros/install/wall_following/share/wall_following/package.bash'
[3.902s] INFO:colcon.colcon_core.shell:Creating package script '/users/956024/ir/ros/install/wall_following/share/wall_following/package.zsh'
[3.903s] Level 1:colcon.colcon_core.environment:create_file_with_runtime_dependencies(/users/956024/ir/ros/install/wall_following/share/colcon-core/packages/wall_following)
[3.952s] Level 1:colcon.colcon_core.shell:create_environment_hook('odom2pose', 'pythonpath_develop')
[3.952s] INFO:colcon.colcon_core.shell:Creating environment hook '/users/956024/ir/ros/build/odom2pose/share/odom2pose/hook/pythonpath_develop.ps1'
[3.953s] DEBUG:colcon.colcon_core.event_handler.log_command:Invoked command in '/users/956024/ir/ros/build/odom2pose' returned '0': PYTHONPATH=/users/956024/ir/ros/build/odom2pose/prefix_override:/usr/lib/python3/dist-packages/colcon_core/task/python/colcon_distutils_commands:/users/956024/ir/ros/install/odom2pose/lib/python3.10/site-packages:${PYTHONPATH} /usr/bin/python3 -W ignore:setup.py install is deprecated setup.py develop --editable --build-directory /users/956024/ir/ros/build/odom2pose/build --no-deps symlink_data
[3.953s] INFO:colcon.colcon_core.shell:Creating environment descriptor '/users/956024/ir/ros/build/odom2pose/share/odom2pose/hook/pythonpath_develop.dsv'
[3.954s] INFO:colcon.colcon_core.shell:Creating environment hook '/users/956024/ir/ros/build/odom2pose/share/odom2pose/hook/pythonpath_develop.sh'
[3.954s] Level 1:colcon.colcon_core.environment:checking '/users/956024/ir/ros/install/odom2pose' for CMake module files
[3.955s] Level 1:colcon.colcon_core.environment:checking '/users/956024/ir/ros/install/odom2pose' for CMake config files
[3.955s] Level 1:colcon.colcon_core.environment:checking '/users/956024/ir/ros/install/odom2pose/lib'
[3.955s] Level 1:colcon.colcon_core.environment:checking '/users/956024/ir/ros/install/odom2pose/bin'
[3.955s] Level 1:colcon.colcon_core.environment:checking '/users/956024/ir/ros/install/odom2pose/lib/pkgconfig/odom2pose.pc'
[3.956s] Level 1:colcon.colcon_core.environment:checking '/users/956024/ir/ros/install/odom2pose/lib/python3.10/site-packages'
[3.956s] Level 1:colcon.colcon_core.shell:create_environment_hook('odom2pose', 'pythonpath')
[3.956s] INFO:colcon.colcon_core.shell:Creating environment hook '/users/956024/ir/ros/install/odom2pose/share/odom2pose/hook/pythonpath.ps1'
[3.956s] INFO:colcon.colcon_core.shell:Creating environment descriptor '/users/956024/ir/ros/install/odom2pose/share/odom2pose/hook/pythonpath.dsv'
[3.957s] INFO:colcon.colcon_core.shell:Creating environment hook '/users/956024/ir/ros/install/odom2pose/share/odom2pose/hook/pythonpath.sh'
[3.957s] Level 1:colcon.colcon_core.environment:checking '/users/956024/ir/ros/install/odom2pose/bin'
[3.957s] Level 1:colcon.colcon_core.environment:create_environment_scripts_only(odom2pose)
[3.958s] INFO:colcon.colcon_core.shell:Creating package script '/users/956024/ir/ros/install/odom2pose/share/odom2pose/package.ps1'
[3.958s] INFO:colcon.colcon_core.shell:Creating package descriptor '/users/956024/ir/ros/install/odom2pose/share/odom2pose/package.dsv'
[3.959s] INFO:colcon.colcon_core.shell:Creating package script '/users/956024/ir/ros/install/odom2pose/share/odom2pose/package.sh'
[3.959s] INFO:colcon.colcon_core.shell:Creating package script '/users/956024/ir/ros/install/odom2pose/share/odom2pose/package.bash'
[3.959s] INFO:colcon.colcon_core.shell:Creating package script '/users/956024/ir/ros/install/odom2pose/share/odom2pose/package.zsh'
[3.960s] Level 1:colcon.colcon_core.environment:create_file_with_runtime_dependencies(/users/956024/ir/ros/install/odom2pose/share/colcon-core/packages/odom2pose)
[3.960s] DEBUG:colcon.colcon_parallel_executor.executor.parallel:closing loop
[3.960s] DEBUG:colcon.colcon_parallel_executor.executor.parallel:loop closed
[3.960s] DEBUG:colcon.colcon_parallel_executor.executor.parallel:run_until_complete finished with '0'
[3.960s] DEBUG:colcon.colcon_core.event_reactor:joining thread
[3.967s] INFO:colcon.colcon_core.plugin_system:Skipping extension 'colcon_notification.desktop_notification.terminal_notifier': Not used on non-Darwin systems
[3.967s] INFO:colcon.colcon_core.plugin_system:Skipping extension 'colcon_notification.desktop_notification.win32': Not used on non-Windows systems
[3.967s] INFO:colcon.colcon_notification.desktop_notification:Sending desktop notification using 'notify2'
[4.003s] DEBUG:colcon.colcon_core.event_reactor:joined thread
[4.004s] INFO:colcon.colcon_core.shell:Creating prefix script '/users/956024/ir/ros/install/local_setup.ps1'
[4.005s] INFO:colcon.colcon_core.shell:Creating prefix util module '/users/956024/ir/ros/install/_local_setup_util_ps1.py'
[4.006s] INFO:colcon.colcon_core.shell:Creating prefix chain script '/users/956024/ir/ros/install/setup.ps1'
[4.007s] INFO:colcon.colcon_core.shell:Creating prefix script '/users/956024/ir/ros/install/local_setup.sh'
[4.008s] INFO:colcon.colcon_core.shell:Creating prefix util module '/users/956024/ir/ros/install/_local_setup_util_sh.py'
[4.008s] INFO:colcon.colcon_core.shell:Creating prefix chain script '/users/956024/ir/ros/install/setup.sh'
[4.009s] INFO:colcon.colcon_core.shell:Creating prefix script '/users/956024/ir/ros/install/local_setup.bash'
[4.010s] INFO:colcon.colcon_core.shell:Creating prefix chain script '/users/956024/ir/ros/install/setup.bash'
[4.011s] INFO:colcon.colcon_core.shell:Creating prefix script '/users/956024/ir/ros/install/local_setup.zsh'
[4.012s] INFO:colcon.colcon_core.shell:Creating prefix chain script '/users/956024/ir/ros/install/setup.zsh'
