/users/956024/.local/lib/python3.10/site-packages/setuptools/_distutils/dist.py:261: UserWarning: Unknown distribution option: 'tests_require'
  warnings.warn(msg)
running develop
/users/956024/.local/lib/python3.10/site-packages/setuptools/command/develop.py:41: EasyInstallDeprecationWarning: easy_install command is deprecated.
!!

        ********************************************************************************
        Please avoid running ``setup.py`` and ``easy_install``.
        Instead, use pypa/build, pypa/installer or other
        standards-based tools.

        See https://github.com/pypa/setuptools/issues/917 for details.
        ********************************************************************************

!!
  easy_install.initialize_options(self)
running egg_info
writing wall_following.egg-info/PKG-INFO
writing dependency_links to wall_following.egg-info/dependency_links.txt
writing entry points to wall_following.egg-info/entry_points.txt
writing requirements to wall_following.egg-info/requires.txt
writing top-level names to wall_following.egg-info/top_level.txt
reading manifest file 'wall_following.egg-info/SOURCES.txt'
writing manifest file 'wall_following.egg-info/SOURCES.txt'
running build_ext
Creating /users/956024/ir/ros/install/wall_following/lib/python3.10/site-packages/wall-following.egg-link (link to .)
Installing wall_follow_d script to /users/956024/ir/ros/install/wall_following/lib/wall_following
Installing wall_follow_ls script to /users/956024/ir/ros/install/wall_following/lib/wall_following

Installed /users/956024/ir/ros/build/wall_following
running symlink_data
