running develop
running egg_info
creating wall_following.egg-info
writing wall_following.egg-info/PKG-INFO
writing dependency_links to wall_following.egg-info/dependency_links.txt
writing entry points to wall_following.egg-info/entry_points.txt
writing requirements to wall_following.egg-info/requires.txt
writing top-level names to wall_following.egg-info/top_level.txt
writing manifest file 'wall_following.egg-info/SOURCES.txt'
reading manifest file 'wall_following.egg-info/SOURCES.txt'
writing manifest file 'wall_following.egg-info/SOURCES.txt'
running build_ext
Creating /users/956024/ir/ros/install/wall_following/lib/python3.10/site-packages/wall-following.egg-link (link to .)
Installing wall_follow_d script to /users/956024/ir/ros/install/wall_following/lib/wall_following
Installing wall_follow_ls script to /users/956024/ir/ros/install/wall_following/lib/wall_following

Installed /users/956024/ir/ros/build/wall_following
running symlink_data
creating /users/956024/ir/ros/install/wall_following/share/ament_index
creating /users/956024/ir/ros/install/wall_following/share/ament_index/resource_index
creating /users/956024/ir/ros/install/wall_following/share/ament_index/resource_index/packages
symbolically linking /users/956024/ir/ros/build/wall_following/resource/wall_following -> /users/956024/ir/ros/install/wall_following/share/ament_index/resource_index/packages
symbolically linking /users/956024/ir/ros/build/wall_following/package.xml -> /users/956024/ir/ros/install/wall_following/share/wall_following
creating /users/956024/ir/ros/install/wall_following/share/wall_following/launch
symbolically linking /users/956024/ir/ros/build/wall_following/launch/wf_ls.launch.py -> /users/956024/ir/ros/install/wall_following/share/wall_following/launch
symbolically linking /users/956024/ir/ros/build/wall_following/launch/wf_d.launch.py -> /users/956024/ir/ros/install/wall_following/share/wall_following/launch
creating /users/956024/ir/ros/install/wall_following/share/wall_following/config
