[1.180s] Invoking command in '/users/956024/ir/ros/build/wall_following': PYTHONPATH=/users/956024/ir/ros/build/wall_following/prefix_override:/usr/lib/python3/dist-packages/colcon_core/task/python/colcon_distutils_commands:/users/956024/ir/ros/install/wall_following/lib/python3.10/site-packages:${PYTHONPATH} /usr/bin/python3 -W ignore:setup.py install is deprecated setup.py develop --editable --build-directory /users/956024/ir/ros/build/wall_following/build --no-deps symlink_data
[1.353s] /users/956024/.local/lib/python3.10/site-packages/setuptools/_distutils/dist.py:261: UserWarning: Unknown distribution option: 'tests_require'
[1.354s]   warnings.warn(msg)
[1.635s] running develop
[1.635s] /users/956024/.local/lib/python3.10/site-packages/setuptools/command/develop.py:41: EasyInstallDeprecationWarning: easy_install command is deprecated.
[1.635s] !!
[1.635s] 
[1.635s]         ********************************************************************************
[1.635s]         Please avoid running ``setup.py`` and ``easy_install``.
[1.636s]         Instead, use pypa/build, pypa/installer or other
[1.636s]         standards-based tools.
[1.636s] 
[1.636s]         See https://github.com/pypa/setuptools/issues/917 for details.
[1.636s]         ********************************************************************************
[1.636s] 
[1.636s] !!
[1.636s]   easy_install.initialize_options(self)
[2.011s] running egg_info
[2.011s] creating wall_following.egg-info
[2.040s] writing wall_following.egg-info/PKG-INFO
[2.041s] writing dependency_links to wall_following.egg-info/dependency_links.txt
[2.041s] writing entry points to wall_following.egg-info/entry_points.txt
[2.041s] writing requirements to wall_following.egg-info/requires.txt
[2.041s] writing top-level names to wall_following.egg-info/top_level.txt
[2.042s] writing manifest file 'wall_following.egg-info/SOURCES.txt'
[2.100s] reading manifest file 'wall_following.egg-info/SOURCES.txt'
[2.100s] writing manifest file 'wall_following.egg-info/SOURCES.txt'
[2.163s] running build_ext
[2.163s] Creating /users/956024/ir/ros/install/wall_following/lib/python3.10/site-packages/wall-following.egg-link (link to .)
[2.163s] Installing wall_follow_d script to /users/956024/ir/ros/install/wall_following/lib/wall_following
[2.164s] Installing wall_follow_ls script to /users/956024/ir/ros/install/wall_following/lib/wall_following
[2.164s] 
[2.164s] Installed /users/956024/ir/ros/build/wall_following
[2.164s] running symlink_data
[2.164s] creating /users/956024/ir/ros/install/wall_following/share/ament_index
[2.164s] creating /users/956024/ir/ros/install/wall_following/share/ament_index/resource_index
[2.165s] creating /users/956024/ir/ros/install/wall_following/share/ament_index/resource_index/packages
[2.165s] symbolically linking /users/956024/ir/ros/build/wall_following/resource/wall_following -> /users/956024/ir/ros/install/wall_following/share/ament_index/resource_index/packages
[2.165s] symbolically linking /users/956024/ir/ros/build/wall_following/package.xml -> /users/956024/ir/ros/install/wall_following/share/wall_following
[2.165s] creating /users/956024/ir/ros/install/wall_following/share/wall_following/launch
[2.165s] symbolically linking /users/956024/ir/ros/build/wall_following/launch/wf_ls.launch.py -> /users/956024/ir/ros/install/wall_following/share/wall_following/launch
[2.165s] symbolically linking /users/956024/ir/ros/build/wall_following/launch/wf_d.launch.py -> /users/956024/ir/ros/install/wall_following/share/wall_following/launch
[2.165s] creating /users/956024/ir/ros/install/wall_following/share/wall_following/config
[2.207s] Invoked command in '/users/956024/ir/ros/build/wall_following' returned '0': PYTHONPATH=/users/956024/ir/ros/build/wall_following/prefix_override:/usr/lib/python3/dist-packages/colcon_core/task/python/colcon_distutils_commands:/users/956024/ir/ros/install/wall_following/lib/python3.10/site-packages:${PYTHONPATH} /usr/bin/python3 -W ignore:setup.py install is deprecated setup.py develop --editable --build-directory /users/956024/ir/ros/build/wall_following/build --no-deps symlink_data
