running develop
running egg_info
creating odom2pose.egg-info
writing odom2pose.egg-info/PKG-INFO
writing dependency_links to odom2pose.egg-info/dependency_links.txt
writing entry points to odom2pose.egg-info/entry_points.txt
writing requirements to odom2pose.egg-info/requires.txt
writing top-level names to odom2pose.egg-info/top_level.txt
writing manifest file 'odom2pose.egg-info/SOURCES.txt'
reading manifest file 'odom2pose.egg-info/SOURCES.txt'
writing manifest file 'odom2pose.egg-info/SOURCES.txt'
running build_ext
Creating /users/956024/ir/ros/install/odom2pose/lib/python3.10/site-packages/odom2pose.egg-link (link to .)
Installing odom2pose script to /users/956024/ir/ros/install/odom2pose/lib/odom2pose

Installed /users/956024/ir/ros/build/odom2pose
running symlink_data
creating /users/956024/ir/ros/install/odom2pose/share/ament_index
creating /users/956024/ir/ros/install/odom2pose/share/ament_index/resource_index
creating /users/956024/ir/ros/install/odom2pose/share/ament_index/resource_index/packages
symbolically linking /users/956024/ir/ros/build/odom2pose/resource/odom2pose -> /users/956024/ir/ros/install/odom2pose/share/ament_index/resource_index/packages
symbolically linking /users/956024/ir/ros/build/odom2pose/package.xml -> /users/956024/ir/ros/install/odom2pose/share/odom2pose
