[2.082s] Invoking command in '/users/956024/ir/ros/build/odom2pose': PYTHONPATH=/users/956024/ir/ros/build/odom2pose/prefix_override:/usr/lib/python3/dist-packages/colcon_core/task/python/colcon_distutils_commands:/users/956024/ir/ros/install/odom2pose/lib/python3.10/site-packages:${PYTHONPATH} /usr/bin/python3 -W ignore:setup.py install is deprecated setup.py develop --editable --build-directory /users/956024/ir/ros/build/odom2pose/build --no-deps symlink_data
[2.339s] /users/956024/.local/lib/python3.10/site-packages/setuptools/_distutils/dist.py:261: UserWarning: Unknown distribution option: 'tests_require'
[2.339s]   warnings.warn(msg)
[2.749s] running develop
[2.749s] /users/956024/.local/lib/python3.10/site-packages/setuptools/command/develop.py:41: EasyInstallDeprecationWarning: easy_install command is deprecated.
[2.749s] !!
[2.749s] 
[2.750s]         ********************************************************************************
[2.750s]         Please avoid running ``setup.py`` and ``easy_install``.
[2.750s]         Instead, use pypa/build, pypa/installer or other
[2.750s]         standards-based tools.
[2.750s] 
[2.750s]         See https://github.com/pypa/setuptools/issues/917 for details.
[2.750s]         ********************************************************************************
[2.750s] 
[2.751s] !!
[2.751s]   easy_install.initialize_options(self)
[3.302s] running egg_info
[3.302s] creating odom2pose.egg-info
[3.348s] writing odom2pose.egg-info/PKG-INFO
[3.349s] writing dependency_links to odom2pose.egg-info/dependency_links.txt
[3.349s] writing entry points to odom2pose.egg-info/entry_points.txt
[3.349s] writing requirements to odom2pose.egg-info/requires.txt
[3.349s] writing top-level names to odom2pose.egg-info/top_level.txt
[3.349s] writing manifest file 'odom2pose.egg-info/SOURCES.txt'
[3.432s] reading manifest file 'odom2pose.egg-info/SOURCES.txt'
[3.434s] writing manifest file 'odom2pose.egg-info/SOURCES.txt'
[3.528s] running build_ext
[3.528s] Creating /users/956024/ir/ros/install/odom2pose/lib/python3.10/site-packages/odom2pose.egg-link (link to .)
[3.531s] Installing odom2pose script to /users/956024/ir/ros/install/odom2pose/lib/odom2pose
[3.532s] 
[3.532s] Installed /users/956024/ir/ros/build/odom2pose
[3.532s] running symlink_data
[3.532s] creating /users/956024/ir/ros/install/odom2pose/share/ament_index
[3.532s] creating /users/956024/ir/ros/install/odom2pose/share/ament_index/resource_index
[3.532s] creating /users/956024/ir/ros/install/odom2pose/share/ament_index/resource_index/packages
[3.532s] symbolically linking /users/956024/ir/ros/build/odom2pose/resource/odom2pose -> /users/956024/ir/ros/install/odom2pose/share/ament_index/resource_index/packages
[3.533s] symbolically linking /users/956024/ir/ros/build/odom2pose/package.xml -> /users/956024/ir/ros/install/odom2pose/share/odom2pose
[3.616s] Invoked command in '/users/956024/ir/ros/build/odom2pose' returned '0': PYTHONPATH=/users/956024/ir/ros/build/odom2pose/prefix_override:/usr/lib/python3/dist-packages/colcon_core/task/python/colcon_distutils_commands:/users/956024/ir/ros/install/odom2pose/lib/python3.10/site-packages:${PYTHONPATH} /usr/bin/python3 -W ignore:setup.py install is deprecated setup.py develop --editable --build-directory /users/956024/ir/ros/build/odom2pose/build --no-deps symlink_data
